<?xml version="1.0" encoding="UTF-8"?>
<!-- Generated by org.testng.reporters.JUnitReportReporter -->
<testsuite hostname="PN-HYDTECH-041" name="com.Paynear.Portal.portal_MIDDeactive4" tests="1" failures="0" timestamp="4 Jun 2018 05:12:34 GMT" time="0.001" errors="1">
  <testcase name="Device_Assign" time="0.001" classname="com.Paynear.Portal.portal_MIDDeactive4">
    <error type="java.lang.Exception" message="java.lang.NullPointerException">
      <![CDATA[java.lang.Exception: java.lang.NullPointerException
	at com.payswiff.config.DriverConfig.setUp(DriverConfig.java:142)
	at com.payswiff.config.SeleniumNGSuite.setUpSuite(SeleniumNGSuite.java:91)
	at com.Paynear.Portal.Portal_login.setupSuite(Portal_login.java:35)
	at sun.reflect.NativeMethodAccessorImpl.invoke0(Native Method)
	at sun.reflect.NativeMethodAccessorImpl.invoke(NativeMethodAccessorImpl.java:62)
	at sun.reflect.DelegatingMethodAccessorImpl.invoke(DelegatingMethodAccessorImpl.java:43)
	at java.lang.reflect.Method.invoke(Method.java:498)
	at org.testng.internal.MethodInvocationHelper.invokeMethod(MethodInvocationHelper.java:85)
	at org.testng.internal.Invoker.invokeConfigurationMethod(Invoker.java:510)
	at org.testng.internal.Invoker.invokeConfigurations(Invoker.java:211)
	at org.testng.internal.Invoker.invokeConfigurations(Invoker.java:138)
	at org.testng.TestRunner.beforeRun(TestRunner.java:648)
	at org.testng.TestRunner.run(TestRunner.java:616)
	at org.testng.SuiteRunner.runTest(SuiteRunner.java:359)
	at org.testng.SuiteRunner.access$000(SuiteRunner.java:39)
	at org.testng.SuiteRunner$SuiteWorker.run(SuiteRunner.java:393)
	at org.testng.internal.thread.ThreadUtil$2.call(ThreadUtil.java:64)
	at java.util.concurrent.FutureTask.run(FutureTask.java:266)
	at java.util.concurrent.ThreadPoolExecutor.runWorker(ThreadPoolExecutor.java:1149)
	at java.util.concurrent.ThreadPoolExecutor$Worker.run(ThreadPoolExecutor.java:624)
	at java.lang.Thread.run(Thread.java:748)
Caused by: java.lang.NullPointerException
	at com.payswiff.config.DriverConfig.setUp(DriverConfig.java:129)
	... 20 more
]]>
    </error>
  </testcase> <!-- Device_Assign -->
</testsuite> <!-- com.Paynear.Portal.portal_MIDDeactive4 -->
